<?xml version="1.0" encoding="UTF-8"?>
<!-- Generated by org.testng.reporters.JUnitXMLReporter -->
<testsuite hostname="devesh" name="Default test" tests="16" failures="0" timestamp="28 Jul 2016 01:12:41 GMT" time="11.352" errors="0">
  <testcase name="createEvent" time="0.398" classname="com.disney.test.RestControllerTest"/>
  <testcase name="getEvent" time="0.057" classname="com.disney.test.RestControllerTest"/>
  <testcase name="getAllEvents" time="0.085" classname="com.disney.test.RestControllerTest"/>
  <testcase name="createUser" time="0.023" classname="com.disney.test.RestControllerTest"/>
  <testcase name="getUser" time="0.017" classname="com.disney.test.RestControllerTest"/>
  <testcase name="getAllUsers" time="0.021" classname="com.disney.test.RestControllerTest"/>
  <testcase name="getAllEventsForUser" time="0.112" classname="com.disney.test.RestControllerTest"/>
  <testcase name="addUserToAnEvent" time="0.054" classname="com.disney.test.RestControllerTest"/>
  <testcase name="getUsersForAnEvent" time="0.024" classname="com.disney.test.RestControllerTest"/>
  <testcase name="removeUserFromAnEvent" time="0.018" classname="com.disney.test.RestControllerTest"/>
  <testcase name="updateUser" time="0.035" classname="com.disney.test.RestControllerTest"/>
  <testcase name="updateEvent" time="0.024" classname="com.disney.test.RestControllerTest"/>
  <testcase name="userDoesntexist" time="0.023" classname="com.disney.test.RestControllerTest"/>
  <testcase name="eventDoesntexist" time="0.016" classname="com.disney.test.RestControllerTest"/>
  <testcase name="deleteUser" time="0.034" classname="com.disney.test.RestControllerTest"/>
  <testcase name="deleteEvent" time="0.023" classname="com.disney.test.RestControllerTest"/>
</testsuite> <!-- Default test -->
